INFO 2020-08-31 16:18:12 org.dxl.App - 启动器正在启动。。。。。。
INFO 2020-08-31 16:18:12 org.dxl.App - 启动器启动成功。。。。。。
INFO 2020-08-31 17:01:05 org.dxl.App - 启动器正在启动。。。。。。
INFO 2020-08-31 17:01:05 org.dxl.App - 启动器启动成功。。。。。。
INFO 2020-08-31 17:02:45 org.dxl.App - 启动器正在启动。。。。。。
INFO 2020-08-31 17:02:45 org.dxl.App - 启动器启动成功。。。。。。
INFO 2020-08-31 17:07:32 org.dxl.App - 启动器正在启动。。。。。。
INFO 2020-08-31 17:07:32 org.dxl.App - 启动器启动成功。。。。。。
INFO 2020-08-31 17:30:12 org.dxl.App - 启动器正在启动。。。。。。
INFO 2020-08-31 17:30:12 org.dxl.App - 启动器启动成功。。。。。。
INFO 2020-08-31 17:30:34 org.dxl.App - 启动器正在启动。。。。。。
INFO 2020-08-31 17:30:34 org.dxl.App - 启动器启动成功。。。。。。
INFO 2020-08-31 17:37:36 org.dxl.App - 启动器正在启动。。。。。。
INFO 2020-08-31 17:37:36 org.dxl.App - 启动器启动成功。。。。。。
INFO 2020-08-31 17:39:57 org.dxl.App - 启动器正在启动。。。。。。
INFO 2020-08-31 17:39:57 org.dxl.App - 启动器启动成功。。。。。。
INFO 2020-08-31 17:49:54 org.dxl.App - 启动器正在启动。。。。。。
INFO 2020-08-31 17:49:54 org.dxl.App - 启动器启动成功。。。。。。
INFO 2020-08-31 17:50:34 org.dxl.App - 启动器正在启动。。。。。。
INFO 2020-08-31 17:50:34 org.dxl.App - 启动器启动成功。。。。。。
INFO 2020-08-31 17:56:31 org.dxl.App - 启动器正在启动。。。。。。
INFO 2020-08-31 17:56:31 org.dxl.App - 启动器启动成功。。。。。。
INFO 2020-08-31 17:57:34 org.dxl.App - 启动器正在启动。。。。。。
INFO 2020-08-31 17:57:34 org.dxl.App - 启动器启动成功。。。。。。
INFO 2020-08-31 17:58:17 org.dxl.App - 启动器正在启动。。。。。。
INFO 2020-08-31 17:58:17 org.dxl.App - 启动器启动成功。。。。。。
INFO 2020-08-31 17:59:57 org.dxl.App - 启动器正在启动。。。。。。
INFO 2020-08-31 17:59:57 org.dxl.App - 启动器启动成功。。。。。。
INFO 2020-08-31 18:00:19 org.dxl.App - 启动器正在启动。。。。。。
INFO 2020-08-31 18:00:19 org.dxl.App - 启动器启动成功。。。。。。
INFO 2020-08-31 18:00:58 org.dxl.App - 启动器正在启动。。。。。。
INFO 2020-08-31 18:00:58 org.dxl.App - 启动器启动成功。。。。。。
INFO 2020-08-31 18:02:36 org.dxl.App - 启动器正在启动。。。。。。
INFO 2020-08-31 18:02:36 org.dxl.App - 启动器启动成功。。。。。。
INFO 2020-08-31 18:06:10 org.dxl.App - 启动器正在启动。。。。。。
INFO 2020-08-31 18:06:10 org.dxl.App - 启动器启动成功。。。。。。
INFO 2020-08-31 18:11:46 org.dxl.App - 启动器正在启动。。。。。。
INFO 2020-08-31 18:11:46 org.dxl.App - 启动器启动成功。。。。。。
INFO 2020-08-31 18:12:33 org.dxl.App - 启动器正在启动。。。。。。
INFO 2020-08-31 18:12:33 org.dxl.App - 启动器启动成功。。。。。。
INFO 2020-08-31 18:12:53 org.dxl.App - 启动器正在启动。。。。。。
INFO 2020-08-31 18:12:53 org.dxl.App - 启动器启动成功。。。。。。
INFO 2020-08-31 18:15:42 org.dxl.App - 启动器正在启动。。。。。。
INFO 2020-08-31 18:15:42 org.dxl.App - 启动器启动成功。。。。。。
INFO 2020-08-31 18:16:25 org.dxl.App - 启动器正在启动。。。。。。
INFO 2020-08-31 18:16:25 org.dxl.App - 启动器启动成功。。。。。。
INFO 2020-08-31 18:31:57 org.dxl.App - 启动器正在启动。。。。。。
INFO 2020-08-31 18:31:57 org.dxl.App - 启动器启动成功。。。。。。
INFO 2020-08-31 18:33:13 org.dxl.App - 启动器正在启动。。。。。。
INFO 2020-08-31 18:33:13 org.dxl.App - 启动器启动成功。。。。。。
INFO 2020-08-31 18:39:13 org.dxl.App - 启动器正在启动。。。。。。
INFO 2020-08-31 18:39:13 org.dxl.App - 启动器启动成功。。。。。。
INFO 2020-08-31 18:39:28 org.dxl.App - 启动器正在启动。。。。。。
INFO 2020-08-31 18:39:28 org.dxl.App - 启动器启动成功。。。。。。
INFO 2020-08-31 18:44:04 org.dxl.App - 启动器正在启动。。。。。。
INFO 2020-08-31 18:44:04 org.dxl.App - 启动器启动成功。。。。。。
INFO 2020-08-31 18:44:52 org.dxl.App - 启动器正在启动。。。。。。
INFO 2020-08-31 18:44:52 org.dxl.App - 启动器启动成功。。。。。。
INFO 2020-08-31 18:46:08 org.dxl.App - 启动器正在启动。。。。。。
INFO 2020-08-31 18:46:08 org.dxl.App - 启动器启动成功。。。。。。
INFO 2020-08-31 18:46:41 org.dxl.App - 启动器正在启动。。。。。。
INFO 2020-08-31 18:46:41 org.dxl.App - 启动器启动成功。。。。。。
INFO 2020-08-31 18:55:51 org.dxl.App - 启动器正在启动。。。。。。
INFO 2020-08-31 18:55:51 org.dxl.App - 启动器启动成功。。。。。。
INFO 2020-08-31 19:17:38 org.dxl.App - 启动器正在启动。。。。。。
INFO 2020-08-31 19:17:38 org.dxl.App - 启动器启动成功。。。。。。
ERROR 2020-08-31 19:17:47 org.dxl.server.Server - 启动服务器出错。。。。。。。。。
ERROR 2020-08-31 19:17:47 org.dxl.server.Server - Address already in use: JVM_Bind
java.net.BindException: Address already in use: JVM_Bind
	at java.net.DualStackPlainSocketImpl.bind0(Native Method)
	at java.net.DualStackPlainSocketImpl.socketBind(DualStackPlainSocketImpl.java:106)
	at java.net.AbstractPlainSocketImpl.bind(AbstractPlainSocketImpl.java:387)
	at java.net.PlainSocketImpl.bind(PlainSocketImpl.java:190)
	at java.net.ServerSocket.bind(ServerSocket.java:375)
	at java.net.ServerSocket.<init>(ServerSocket.java:237)
	at java.net.ServerSocket.<init>(ServerSocket.java:128)
	at org.dxl.server.Server.start(Server.java:40)
	at org.dxl.opt.WindowMain$2.actionPerformed(WindowMain.java:163)
	at javax.swing.AbstractButton.fireActionPerformed(AbstractButton.java:2022)
	at javax.swing.AbstractButton$Handler.actionPerformed(AbstractButton.java:2348)
	at javax.swing.DefaultButtonModel.fireActionPerformed(DefaultButtonModel.java:402)
	at javax.swing.DefaultButtonModel.setPressed(DefaultButtonModel.java:259)
	at javax.swing.plaf.basic.BasicButtonListener.mouseReleased(BasicButtonListener.java:252)
	at java.awt.Component.processMouseEvent(Component.java:6539)
	at javax.swing.JComponent.processMouseEvent(JComponent.java:3324)
	at java.awt.Component.processEvent(Component.java:6304)
	at java.awt.Container.processEvent(Container.java:2239)
	at java.awt.Component.dispatchEventImpl(Component.java:4889)
	at java.awt.Container.dispatchEventImpl(Container.java:2297)
	at java.awt.Component.dispatchEvent(Component.java:4711)
	at java.awt.LightweightDispatcher.retargetMouseEvent(Container.java:4904)
	at java.awt.LightweightDispatcher.processMouseEvent(Container.java:4535)
	at java.awt.LightweightDispatcher.dispatchEvent(Container.java:4476)
	at java.awt.Container.dispatchEventImpl(Container.java:2283)
	at java.awt.Window.dispatchEventImpl(Window.java:2746)
	at java.awt.Component.dispatchEvent(Component.java:4711)
	at java.awt.EventQueue.dispatchEventImpl(EventQueue.java:760)
	at java.awt.EventQueue.access$500(EventQueue.java:97)
	at java.awt.EventQueue$3.run(EventQueue.java:709)
	at java.awt.EventQueue$3.run(EventQueue.java:703)
	at java.security.AccessController.doPrivileged(Native Method)
	at java.security.ProtectionDomain$JavaSecurityAccessImpl.doIntersectionPrivilege(ProtectionDomain.java:74)
	at java.security.ProtectionDomain$JavaSecurityAccessImpl.doIntersectionPrivilege(ProtectionDomain.java:84)
	at java.awt.EventQueue$4.run(EventQueue.java:733)
	at java.awt.EventQueue$4.run(EventQueue.java:731)
	at java.security.AccessController.doPrivileged(Native Method)
	at java.security.ProtectionDomain$JavaSecurityAccessImpl.doIntersectionPrivilege(ProtectionDomain.java:74)
	at java.awt.EventQueue.dispatchEvent(EventQueue.java:730)
	at java.awt.EventDispatchThread.pumpOneEventForFilters(EventDispatchThread.java:205)
	at java.awt.EventDispatchThread.pumpEventsForFilter(EventDispatchThread.java:116)
	at java.awt.EventDispatchThread.pumpEventsForHierarchy(EventDispatchThread.java:105)
	at java.awt.EventDispatchThread.pumpEvents(EventDispatchThread.java:101)
	at java.awt.EventDispatchThread.pumpEvents(EventDispatchThread.java:93)
	at java.awt.EventDispatchThread.run(EventDispatchThread.java:82)
INFO 2020-08-31 19:18:09 org.dxl.App - 启动器正在启动。。。。。。
INFO 2020-08-31 19:18:09 org.dxl.App - 启动器启动成功。。。。。。
INFO 2020-08-31 19:21:47 org.dxl.App - 启动器正在启动。。。。。。
INFO 2020-08-31 19:21:47 org.dxl.App - 启动器启动成功。。。。。。
ERROR 2020-08-31 19:22:04 org.dxl.server.Server - 启动服务器出错。。。。。。。。。
ERROR 2020-08-31 19:22:04 org.dxl.server.Server - Address already in use: JVM_Bind
java.net.BindException: Address already in use: JVM_Bind
	at java.net.DualStackPlainSocketImpl.bind0(Native Method)
	at java.net.DualStackPlainSocketImpl.socketBind(DualStackPlainSocketImpl.java:106)
	at java.net.AbstractPlainSocketImpl.bind(AbstractPlainSocketImpl.java:387)
	at java.net.PlainSocketImpl.bind(PlainSocketImpl.java:190)
	at java.net.ServerSocket.bind(ServerSocket.java:375)
	at java.net.ServerSocket.<init>(ServerSocket.java:237)
	at java.net.ServerSocket.<init>(ServerSocket.java:128)
	at org.dxl.server.Server.start(Server.java:40)
	at org.dxl.opt.WindowMain$2$1.run(WindowMain.java:166)
	at java.lang.Thread.run(Thread.java:748)
INFO 2020-08-31 19:23:23 org.dxl.App - 启动器正在启动。。。。。。
INFO 2020-08-31 19:23:23 org.dxl.App - 启动器启动成功。。。。。。
INFO 2020-08-31 19:26:01 org.dxl.App - 启动器正在启动。。。。。。
INFO 2020-08-31 19:26:01 org.dxl.App - 启动器启动成功。。。。。。
INFO 2020-08-31 19:26:07 org.dxl.server.Server - 启动服务器开始。。。。。。。。。
INFO 2020-08-31 19:27:05 org.dxl.App - 启动器正在启动。。。。。。
INFO 2020-08-31 19:27:05 org.dxl.App - 启动器启动成功。。。。。。
INFO 2020-08-31 19:27:21 org.dxl.server.Server - 启动服务器开始。。。。。。。。。
INFO 2020-08-31 19:32:35 org.dxl.App - 启动器正在启动。。。。。。
INFO 2020-08-31 19:32:35 org.dxl.App - 启动器启动成功。。。。。。
INFO 2020-08-31 19:32:45 org.dxl.server.Server - 启动服务器开始。。。。。。。。。
INFO 2020-08-31 19:32:45 org.dxl.server.Server - 启动服务器成功。。。。。。。。。
INFO 2020-08-31 19:32:58 org.dxl.server.Request - 接收到客户端发送信息：
GET /log?username=12123&pwd= HTTP/1.1
Host: localhost:8888
Connection: keep-alive
Upgrade-Insecure-Requests: 1
User-Agent: Mozilla/5.0 (Windows NT 10.0; WOW64) AppleWebKit/537.36 (KHTML, like Gecko) Chrome/78.0.3904.108 Safari/537.36
Sec-Fetch-User: ?1
Accept: text/html,application/xhtml+xml,application/xml;q=0.9,image/webp,image/apng,*/*;q=0.8,application/signed-exchange;v=b3
Sec-Fetch-Site: cross-site
Sec-Fetch-Mode: navigate
Accept-Encoding: gzip, deflate, br
Accept-Language: zh-CN,zh;q=0.9
Cookie: __guid=111872281.4402700786871365000.1594460638190.3618; monitor_count=18


INFO 2020-08-31 19:32:58 org.dxl.server.Request - 开始解析请求参数。。。。
INFO 2020-08-31 19:32:58 org.dxl.server.Request - 结束解析请求参数。。。。
INFO 2020-08-31 19:32:58 org.dxl.server.Response - 开始创建响应头信息。。。。
INFO 2020-08-31 19:32:58 org.dxl.server.Response - 响应头信息：
HTTP/1.1 200 OK
Content-Type:text/html;charset=utf-8
Content-Length:58


INFO 2020-08-31 19:32:58 org.dxl.server.Response - 结束创建响应头信息。。。。
INFO 2020-08-31 19:32:58 org.dxl.server.Request - 接收到客户端发送信息：
GET /favicon.ico HTTP/1.1
Host: localhost:8888
Connection: keep-alive
User-Agent: Mozilla/5.0 (Windows NT 10.0; WOW64) AppleWebKit/537.36 (KHTML, like Gecko) Chrome/78.0.3904.108 Safari/537.36
Accept: image/webp,image/apng,image/*,*/*;q=0.8
Sec-Fetch-Site: same-origin
Sec-Fetch-Mode: no-cors
Referer: http://localhost:8888/log?username=12123&pwd=
Accept-Encoding: gzip, deflate, br
Accept-Language: zh-CN,zh;q=0.9
Cookie: __guid=111872281.4402700786871365000.1594460638190.3618; monitor_count=19


INFO 2020-08-31 19:32:58 org.dxl.server.Request - 开始解析请求参数。。。。
INFO 2020-08-31 19:32:58 org.dxl.server.Request - 结束解析请求参数。。。。
INFO 2020-08-31 19:32:58 org.dxl.server.Response - 开始创建响应头信息。。。。
INFO 2020-08-31 19:32:58 org.dxl.server.Response - 响应头信息：
HTTP/1.1 200 OK
Content-Type:text/html;charset=utf-8
Content-Length:0


INFO 2020-08-31 19:32:58 org.dxl.server.Response - 结束创建响应头信息。。。。
INFO 2020-08-31 19:36:08 org.dxl.App - 启动器正在启动。。。。。。
INFO 2020-08-31 19:36:08 org.dxl.App - 启动器启动成功。。。。。。
INFO 2020-08-31 19:36:13 org.dxl.server.Server - 启动服务器开始。。。。。。。。。
INFO 2020-08-31 19:36:13 org.dxl.server.Server - 启动服务器成功。。。。。。。。。
INFO 2020-08-31 19:36:21 org.dxl.server.Request - 接收到客户端发送信息：
GET /log?username=12123&pwd= HTTP/1.1
Host: localhost:8888
Connection: keep-alive
Upgrade-Insecure-Requests: 1
User-Agent: Mozilla/5.0 (Windows NT 10.0; WOW64) AppleWebKit/537.36 (KHTML, like Gecko) Chrome/78.0.3904.108 Safari/537.36
Sec-Fetch-User: ?1
Accept: text/html,application/xhtml+xml,application/xml;q=0.9,image/webp,image/apng,*/*;q=0.8,application/signed-exchange;v=b3
Sec-Fetch-Site: cross-site
Sec-Fetch-Mode: navigate
Accept-Encoding: gzip, deflate, br
Accept-Language: zh-CN,zh;q=0.9
Cookie: __guid=111872281.4402700786871365000.1594460638190.3618; monitor_count=19


INFO 2020-08-31 19:36:21 org.dxl.server.Request - 开始解析请求参数。。。。
INFO 2020-08-31 19:36:21 org.dxl.server.Request - 结束解析请求参数。。。。
INFO 2020-08-31 19:36:21 org.dxl.server.Response - 开始创建响应头信息。。。。
INFO 2020-08-31 19:36:21 org.dxl.server.Response - 响应头信息：
HTTP/1.1 200 OK
Content-Type:text/html;charset=utf-8
Content-Length:58


INFO 2020-08-31 19:36:21 org.dxl.server.Response - 结束创建响应头信息。。。。
INFO 2020-08-31 19:36:21 org.dxl.server.Request - 接收到客户端发送信息：
GET /favicon.ico HTTP/1.1
Host: localhost:8888
Connection: keep-alive
User-Agent: Mozilla/5.0 (Windows NT 10.0; WOW64) AppleWebKit/537.36 (KHTML, like Gecko) Chrome/78.0.3904.108 Safari/537.36
Accept: image/webp,image/apng,image/*,*/*;q=0.8
Sec-Fetch-Site: same-origin
Sec-Fetch-Mode: no-cors
Referer: http://localhost:8888/log?username=12123&pwd=
Accept-Encoding: gzip, deflate, br
Accept-Language: zh-CN,zh;q=0.9
Cookie: __guid=111872281.4402700786871365000.1594460638190.3618; monitor_count=20


INFO 2020-08-31 19:36:21 org.dxl.server.Request - 开始解析请求参数。。。。
INFO 2020-08-31 19:36:21 org.dxl.server.Request - 结束解析请求参数。。。。
INFO 2020-08-31 19:36:21 org.dxl.server.Response - 开始创建响应头信息。。。。
INFO 2020-08-31 19:36:21 org.dxl.server.Response - 响应头信息：
HTTP/1.1 200 OK
Content-Type:text/html;charset=utf-8
Content-Length:0


INFO 2020-08-31 19:36:21 org.dxl.server.Response - 结束创建响应头信息。。。。
INFO 2020-08-31 19:45:17 org.dxl.App - 启动器正在启动。。。。。。
INFO 2020-08-31 19:45:17 org.dxl.App - 启动器启动成功。。。。。。
INFO 2020-08-31 19:45:23 org.dxl.server.Server - 启动服务器开始。。。。。。。。。
INFO 2020-08-31 19:45:23 org.dxl.server.Server - 启动服务器成功。。。。。。。。。
INFO 2020-08-31 19:45:28 org.dxl.server.Request - 接收到客户端发送信息：
GET /log?username=12123&pwd= HTTP/1.1
Host: localhost:8888
Connection: keep-alive
Upgrade-Insecure-Requests: 1
User-Agent: Mozilla/5.0 (Windows NT 10.0; WOW64) AppleWebKit/537.36 (KHTML, like Gecko) Chrome/78.0.3904.108 Safari/537.36
Sec-Fetch-User: ?1
Accept: text/html,application/xhtml+xml,application/xml;q=0.9,image/webp,image/apng,*/*;q=0.8,application/signed-exchange;v=b3
Sec-Fetch-Site: cross-site
Sec-Fetch-Mode: navigate
Accept-Encoding: gzip, deflate, br
Accept-Language: zh-CN,zh;q=0.9
Cookie: __guid=111872281.4402700786871365000.1594460638190.3618; monitor_count=20


INFO 2020-08-31 19:45:28 org.dxl.server.Request - 开始解析请求参数。。。。
INFO 2020-08-31 19:45:28 org.dxl.server.Request - 结束解析请求参数。。。。
INFO 2020-08-31 19:45:28 org.dxl.server.Response - 开始创建响应头信息。。。。
INFO 2020-08-31 19:45:28 org.dxl.server.Response - 响应头信息：
HTTP/1.1 200 OK
Content-Type:text/html;charset=utf-8
Content-Length:58


INFO 2020-08-31 19:45:28 org.dxl.server.Response - 结束创建响应头信息。。。。
INFO 2020-08-31 19:45:28 org.dxl.server.Request - 接收到客户端发送信息：
GET /favicon.ico HTTP/1.1
Host: localhost:8888
Connection: keep-alive
User-Agent: Mozilla/5.0 (Windows NT 10.0; WOW64) AppleWebKit/537.36 (KHTML, like Gecko) Chrome/78.0.3904.108 Safari/537.36
Accept: image/webp,image/apng,image/*,*/*;q=0.8
Sec-Fetch-Site: same-origin
Sec-Fetch-Mode: no-cors
Referer: http://localhost:8888/log?username=12123&pwd=
Accept-Encoding: gzip, deflate, br
Accept-Language: zh-CN,zh;q=0.9
Cookie: __guid=111872281.4402700786871365000.1594460638190.3618; monitor_count=21


INFO 2020-08-31 19:45:28 org.dxl.server.Request - 开始解析请求参数。。。。
INFO 2020-08-31 19:45:28 org.dxl.server.Request - 结束解析请求参数。。。。
INFO 2020-08-31 19:45:28 org.dxl.server.Response - 开始创建响应头信息。。。。
INFO 2020-08-31 19:45:28 org.dxl.server.Response - 响应头信息：
HTTP/1.1 200 OK
Content-Type:text/html;charset=utf-8
Content-Length:0


INFO 2020-08-31 19:45:28 org.dxl.server.Response - 结束创建响应头信息。。。。
INFO 2020-08-31 20:49:08 org.dxl.App - 启动器正在启动。。。。。。
INFO 2020-08-31 20:49:08 org.dxl.App - 启动器启动成功。。。。。。
INFO 2020-08-31 20:49:13 org.dxl.server.Server - 启动服务器开始。。。。。。。。。
INFO 2020-08-31 20:49:13 org.dxl.server.Server - 启动服务器成功。。。。。。。。。
INFO 2020-08-31 20:49:39 org.dxl.server.Request - 接收到客户端发送信息：
POST /log HTTP/1.1
Host: localhost:8888
Connection: keep-alive
Content-Length: 19
Cache-Control: max-age=0
Upgrade-Insecure-Requests: 1
Origin: null
Content-Type: application/x-www-form-urlencoded
User-Agent: Mozilla/5.0 (Windows NT 10.0; WOW64) AppleWebKit/537.36 (KHTML, like Gecko) Chrome/78.0.3904.108 Safari/537.36
Sec-Fetch-User: ?1
Accept: text/html,application/xhtml+xml,application/xml;q=0.9,image/webp,image/apng,*/*;q=0.8,application/signed-exchange;v=b3
Sec-Fetch-Site: cross-site
Sec-Fetch-Mode: navigate
Accept-Encoding: gzip, deflate, br
Accept-Language: zh-CN,zh;q=0.9
Cookie: __guid=111872281.4402700786871365000.1594460638190.3618; monitor_count=21

username=12123&pwd=
INFO 2020-08-31 20:49:39 org.dxl.server.Request - 开始解析请求参数。。。。
INFO 2020-08-31 20:49:39 org.dxl.server.Request - 结束解析请求参数。。。。
INFO 2020-08-31 20:49:39 org.dxl.server.Response - 开始创建响应头信息。。。。
INFO 2020-08-31 20:49:39 org.dxl.server.Response - 响应头信息：
HTTP/1.1 200 OK
Content-Type:text/html;charset=utf-8
Content-Length:58


INFO 2020-08-31 20:49:39 org.dxl.server.Response - 结束创建响应头信息。。。。
INFO 2020-08-31 20:49:39 org.dxl.server.Request - 接收到客户端发送信息：
GET /favicon.ico HTTP/1.1
Host: localhost:8888
Connection: keep-alive
User-Agent: Mozilla/5.0 (Windows NT 10.0; WOW64) AppleWebKit/537.36 (KHTML, like Gecko) Chrome/78.0.3904.108 Safari/537.36
Accept: image/webp,image/apng,image/*,*/*;q=0.8
Sec-Fetch-Site: same-origin
Sec-Fetch-Mode: no-cors
Referer: http://localhost:8888/log
Accept-Encoding: gzip, deflate, br
Accept-Language: zh-CN,zh;q=0.9
Cookie: __guid=111872281.4402700786871365000.1594460638190.3618; monitor_count=22


INFO 2020-08-31 20:49:39 org.dxl.server.Request - 开始解析请求参数。。。。
INFO 2020-08-31 20:49:39 org.dxl.server.Request - 结束解析请求参数。。。。
INFO 2020-08-31 20:49:39 org.dxl.server.Response - 开始创建响应头信息。。。。
INFO 2020-08-31 20:49:39 org.dxl.server.Response - 响应头信息：
HTTP/1.1 200 OK
Content-Type:text/html;charset=utf-8
Content-Length:0


INFO 2020-08-31 20:49:39 org.dxl.server.Response - 结束创建响应头信息。。。。
INFO 2020-08-31 20:52:50 org.dxl.App - 启动器正在启动。。。。。。
INFO 2020-08-31 20:52:50 org.dxl.App - 启动器启动成功。。。。。。
INFO 2020-08-31 20:52:56 org.dxl.server.Server - 启动服务器开始。。。。。。。。。
INFO 2020-08-31 20:52:56 org.dxl.server.Server - 启动服务器成功。。。。。。。。。
INFO 2020-08-31 20:53:15 org.dxl.server.Request - 接收到客户端发送信息：
POST /log HTTP/1.1
Host: localhost:8888
Connection: keep-alive
Content-Length: 19
Cache-Control: max-age=0
Upgrade-Insecure-Requests: 1
Origin: null
Content-Type: application/x-www-form-urlencoded
User-Agent: Mozilla/5.0 (Windows NT 10.0; WOW64) AppleWebKit/537.36 (KHTML, like Gecko) Chrome/78.0.3904.108 Safari/537.36
Sec-Fetch-User: ?1
Accept: text/html,application/xhtml+xml,application/xml;q=0.9,image/webp,image/apng,*/*;q=0.8,application/signed-exchange;v=b3
Sec-Fetch-Site: cross-site
Sec-Fetch-Mode: navigate
Accept-Encoding: gzip, deflate, br
Accept-Language: zh-CN,zh;q=0.9
Cookie: __guid=111872281.4402700786871365000.1594460638190.3618; monitor_count=22

username=12123&pwd=
INFO 2020-08-31 20:53:15 org.dxl.server.Request - 开始解析请求参数。。。。
INFO 2020-08-31 20:53:15 org.dxl.server.Request - 结束解析请求参数。。。。
INFO 2020-08-31 20:53:15 org.dxl.server.Response - 开始创建响应头信息。。。。
INFO 2020-08-31 20:53:15 org.dxl.server.Response - 响应头信息：
HTTP/1.1 200 OK
Content-Type:text/html;charset=utf-8
Content-Length:58


INFO 2020-08-31 20:53:15 org.dxl.server.Response - 结束创建响应头信息。。。。
INFO 2020-08-31 20:53:15 org.dxl.server.Request - 接收到客户端发送信息：
GET /favicon.ico HTTP/1.1
Host: localhost:8888
Connection: keep-alive
User-Agent: Mozilla/5.0 (Windows NT 10.0; WOW64) AppleWebKit/537.36 (KHTML, like Gecko) Chrome/78.0.3904.108 Safari/537.36
Accept: image/webp,image/apng,image/*,*/*;q=0.8
Sec-Fetch-Site: same-origin
Sec-Fetch-Mode: no-cors
Referer: http://localhost:8888/log
Accept-Encoding: gzip, deflate, br
Accept-Language: zh-CN,zh;q=0.9
Cookie: __guid=111872281.4402700786871365000.1594460638190.3618; monitor_count=23


INFO 2020-08-31 20:53:15 org.dxl.server.Request - 开始解析请求参数。。。。
INFO 2020-08-31 20:53:15 org.dxl.server.Request - 结束解析请求参数。。。。
INFO 2020-08-31 20:53:15 org.dxl.server.Response - 开始创建响应头信息。。。。
INFO 2020-08-31 20:53:15 org.dxl.server.Response - 响应头信息：
HTTP/1.1 200 OK
Content-Type:text/html;charset=utf-8
Content-Length:0


INFO 2020-08-31 20:53:15 org.dxl.server.Response - 结束创建响应头信息。。。。
INFO 2020-08-31 20:53:48 org.dxl.App - 启动器正在启动。。。。。。
INFO 2020-08-31 20:53:48 org.dxl.App - 启动器启动成功。。。。。。
INFO 2020-08-31 20:53:56 org.dxl.server.Server - 启动服务器开始。。。。。。。。。
INFO 2020-08-31 20:53:56 org.dxl.server.Server - 启动服务器成功。。。。。。。。。
INFO 2020-08-31 20:55:01 org.dxl.App - 启动器正在启动。。。。。。
INFO 2020-08-31 20:55:01 org.dxl.App - 启动器启动成功。。。。。。
INFO 2020-08-31 20:55:06 org.dxl.server.Server - 启动服务器开始。。。。。。。。。
INFO 2020-08-31 20:55:06 org.dxl.server.Server - 启动服务器成功。。。。。。。。。
INFO 2020-08-31 20:57:17 org.dxl.server.Request - 接收到客户端发送信息：
POST /log HTTP/1.1
Host: localhost:8888
Connection: keep-alive
Content-Length: 19
Cache-Control: max-age=0
Upgrade-Insecure-Requests: 1
Origin: null
Content-Type: application/x-www-form-urlencoded
User-Agent: Mozilla/5.0 (Windows NT 10.0; WOW64) AppleWebKit/537.36 (KHTML, like Gecko) Chrome/78.0.3904.108 Safari/537.36
Sec-Fetch-User: ?1
Accept: text/html,application/xhtml+xml,application/xml;q=0.9,image/webp,image/apng,*/*;q=0.8,application/signed-exchange;v=b3
Sec-Fetch-Site: cross-site
Sec-Fetch-Mode: navigate
Accept-Encoding: gzip, deflate, br
Accept-Language: zh-CN,zh;q=0.9
Cookie: __guid=111872281.4402700786871365000.1594460638190.3618; monitor_count=23

username=12123&pwd=
INFO 2020-08-31 20:57:17 org.dxl.server.Request - 开始解析请求参数。。。。
INFO 2020-08-31 20:57:17 org.dxl.server.Request - 结束解析请求参数。。。。
INFO 2020-08-31 20:57:17 org.dxl.server.Response - 开始创建响应头信息。。。。
INFO 2020-08-31 20:57:17 org.dxl.server.Response - 响应头信息：
HTTP/1.1 200 OK
Content-Type:text/html;charset=utf-8
Content-Length:58


INFO 2020-08-31 20:57:17 org.dxl.server.Response - 结束创建响应头信息。。。。
INFO 2020-08-31 20:57:17 org.dxl.server.Request - 接收到客户端发送信息：
GET /favicon.ico HTTP/1.1
Host: localhost:8888
Connection: keep-alive
User-Agent: Mozilla/5.0 (Windows NT 10.0; WOW64) AppleWebKit/537.36 (KHTML, like Gecko) Chrome/78.0.3904.108 Safari/537.36
Accept: image/webp,image/apng,image/*,*/*;q=0.8
Sec-Fetch-Site: same-origin
Sec-Fetch-Mode: no-cors
Referer: http://localhost:8888/log
Accept-Encoding: gzip, deflate, br
Accept-Language: zh-CN,zh;q=0.9
Cookie: __guid=111872281.4402700786871365000.1594460638190.3618; monitor_count=24


INFO 2020-08-31 20:57:17 org.dxl.server.Request - 开始解析请求参数。。。。
INFO 2020-08-31 20:57:17 org.dxl.server.Request - 结束解析请求参数。。。。
INFO 2020-08-31 20:57:17 org.dxl.server.Response - 开始创建响应头信息。。。。
INFO 2020-08-31 20:57:17 org.dxl.server.Response - 响应头信息：
HTTP/1.1 200 OK
Content-Type:text/html;charset=utf-8
Content-Length:0


INFO 2020-08-31 20:57:17 org.dxl.server.Response - 结束创建响应头信息。。。。
INFO 2020-08-31 21:40:00 org.dxl.App - 启动器正在启动。。。。。。
INFO 2020-08-31 21:40:00 org.dxl.App - 启动器启动成功。。。。。。
INFO 2020-08-31 21:40:05 org.dxl.server.Server - 启动服务器开始。。。。。。。。。
INFO 2020-08-31 21:40:05 org.dxl.server.Server - 启动服务器成功。。。。。。。。。
INFO 2020-08-31 21:41:55 org.dxl.App - 启动器正在启动。。。。。。
INFO 2020-08-31 21:41:55 org.dxl.App - 启动器启动成功。。。。。。
INFO 2020-08-31 21:41:55 org.dxl.opt.WindowMain - 启动心跳检测开始。。。。。。
INFO 2020-08-31 21:41:55 org.dxl.opt.WindowMain - 启动心跳检测成功。。。。。。
INFO 2020-08-31 21:42:05 org.dxl.server.Server - 启动服务器开始。。。。。。。。。
INFO 2020-08-31 21:42:05 org.dxl.server.Server - 启动服务器成功。。。。。。。。。
INFO 2020-08-31 22:59:43 org.dxl.server.Server - 关闭服务器开始。。。。。。。。。
ERROR 2020-08-31 22:59:43 org.dxl.server.Server - 接收来自客户端Socket出错。。。。。。。。。
ERROR 2020-08-31 22:59:43 org.dxl.server.Server - socket closed
java.net.SocketException: socket closed
	at java.net.DualStackPlainSocketImpl.accept0(Native Method)
	at java.net.DualStackPlainSocketImpl.socketAccept(DualStackPlainSocketImpl.java:131)
	at java.net.AbstractPlainSocketImpl.accept(AbstractPlainSocketImpl.java:409)
	at java.net.PlainSocketImpl.accept(PlainSocketImpl.java:199)
	at java.net.ServerSocket.implAccept(ServerSocket.java:545)
	at java.net.ServerSocket.accept(ServerSocket.java:513)
	at org.dxl.server.Server.receive(Server.java:65)
	at org.dxl.server.Server.start(Server.java:51)
	at org.dxl.opt.WindowMain$2$1.lambda$run$0(WindowMain.java:171)
	at java.lang.Thread.run(Thread.java:748)
INFO 2020-08-31 22:59:43 org.dxl.server.Server - 关闭服务器结束。。。。。。。。。
INFO 2020-08-31 23:00:49 org.dxl.server.Server - 启动服务器开始。。。。。。。。。
INFO 2020-08-31 23:00:49 org.dxl.server.Server - 启动服务器成功。。。。。。。。。
INFO 2020-08-31 23:01:04 org.dxl.server.Server - 启动服务器开始。。。。。。。。。
ERROR 2020-08-31 23:01:04 org.dxl.server.Server - 启动服务器出错。。。。。。。。。
ERROR 2020-08-31 23:01:04 org.dxl.server.Server - Address already in use: JVM_Bind
java.net.BindException: Address already in use: JVM_Bind
	at java.net.DualStackPlainSocketImpl.bind0(Native Method)
	at java.net.DualStackPlainSocketImpl.socketBind(DualStackPlainSocketImpl.java:106)
	at java.net.AbstractPlainSocketImpl.bind(AbstractPlainSocketImpl.java:387)
	at java.net.PlainSocketImpl.bind(PlainSocketImpl.java:190)
	at java.net.ServerSocket.bind(ServerSocket.java:375)
	at java.net.ServerSocket.<init>(ServerSocket.java:237)
	at java.net.ServerSocket.<init>(ServerSocket.java:128)
	at org.dxl.server.Server.start(Server.java:46)
	at org.dxl.opt.WindowMain$2$1.lambda$run$0(WindowMain.java:171)
	at java.lang.Thread.run(Thread.java:748)
ERROR 2020-08-31 23:01:04 org.dxl.server.Server - 接收来自客户端Socket出错。。。。。。。。。
ERROR 2020-08-31 23:01:04 org.dxl.server.Server - socket closed
java.net.SocketException: socket closed
	at java.net.DualStackPlainSocketImpl.accept0(Native Method)
	at java.net.DualStackPlainSocketImpl.socketAccept(DualStackPlainSocketImpl.java:131)
	at java.net.AbstractPlainSocketImpl.accept(AbstractPlainSocketImpl.java:409)
	at java.net.PlainSocketImpl.accept(PlainSocketImpl.java:199)
	at java.net.ServerSocket.implAccept(ServerSocket.java:545)
	at java.net.ServerSocket.accept(ServerSocket.java:513)
	at org.dxl.server.Server.receive(Server.java:65)
	at org.dxl.server.Server.start(Server.java:51)
	at org.dxl.opt.WindowMain$2$1.lambda$run$0(WindowMain.java:171)
	at java.lang.Thread.run(Thread.java:748)
INFO 2020-08-31 23:01:04 org.dxl.server.Server - 关闭服务器结束。。。。。。。。。
INFO 2020-08-31 23:01:10 org.dxl.server.Server - 启动服务器开始。。。。。。。。。
INFO 2020-08-31 23:01:10 org.dxl.server.Server - 启动服务器成功。。。。。。。。。
INFO 2020-08-31 23:01:25 org.dxl.server.Server - 启动服务器开始。。。。。。。。。
ERROR 2020-08-31 23:01:25 org.dxl.server.Server - 启动服务器出错。。。。。。。。。
ERROR 2020-08-31 23:01:25 org.dxl.server.Server - Address already in use: JVM_Bind
java.net.BindException: Address already in use: JVM_Bind
	at java.net.DualStackPlainSocketImpl.bind0(Native Method)
	at java.net.DualStackPlainSocketImpl.socketBind(DualStackPlainSocketImpl.java:106)
	at java.net.AbstractPlainSocketImpl.bind(AbstractPlainSocketImpl.java:387)
	at java.net.PlainSocketImpl.bind(PlainSocketImpl.java:190)
	at java.net.ServerSocket.bind(ServerSocket.java:375)
	at java.net.ServerSocket.<init>(ServerSocket.java:237)
	at java.net.ServerSocket.<init>(ServerSocket.java:128)
	at org.dxl.server.Server.start(Server.java:46)
	at org.dxl.opt.WindowMain$2$1.lambda$run$0(WindowMain.java:171)
	at java.lang.Thread.run(Thread.java:748)
ERROR 2020-08-31 23:01:25 org.dxl.server.Server - 接收来自客户端Socket出错。。。。。。。。。
ERROR 2020-08-31 23:01:25 org.dxl.server.Server - socket closed
java.net.SocketException: socket closed
	at java.net.DualStackPlainSocketImpl.accept0(Native Method)
	at java.net.DualStackPlainSocketImpl.socketAccept(DualStackPlainSocketImpl.java:131)
	at java.net.AbstractPlainSocketImpl.accept(AbstractPlainSocketImpl.java:409)
	at java.net.PlainSocketImpl.accept(PlainSocketImpl.java:199)
	at java.net.ServerSocket.implAccept(ServerSocket.java:545)
	at java.net.ServerSocket.accept(ServerSocket.java:513)
	at org.dxl.server.Server.receive(Server.java:65)
	at org.dxl.server.Server.start(Server.java:51)
	at org.dxl.opt.WindowMain$2$1.lambda$run$0(WindowMain.java:171)
	at java.lang.Thread.run(Thread.java:748)
INFO 2020-08-31 23:01:25 org.dxl.server.Server - 关闭服务器结束。。。。。。。。。
INFO 2020-08-31 23:04:20 org.dxl.App - 启动器正在启动。。。。。。
INFO 2020-08-31 23:04:20 org.dxl.App - 启动器启动成功。。。。。。
INFO 2020-08-31 23:04:20 org.dxl.opt.WindowMain - 启动心跳检测开始。。。。。。
INFO 2020-08-31 23:04:20 org.dxl.opt.WindowMain - 启动心跳检测成功。。。。。。
INFO 2020-08-31 23:04:28 org.dxl.server.Server - 启动服务器开始。。。。。。。。。
INFO 2020-08-31 23:04:28 org.dxl.server.Server - 启动服务器成功。。。。。。。。。
INFO 2020-08-31 23:04:31 org.dxl.server.Server - 关闭服务器开始。。。。。。。。。
ERROR 2020-08-31 23:04:31 org.dxl.server.Server - 接收来自客户端Socket出错。。。。。。。。。
ERROR 2020-08-31 23:04:31 org.dxl.server.Server - socket closed
java.net.SocketException: socket closed
	at java.net.DualStackPlainSocketImpl.accept0(Native Method)
	at java.net.DualStackPlainSocketImpl.socketAccept(DualStackPlainSocketImpl.java:131)
	at java.net.AbstractPlainSocketImpl.accept(AbstractPlainSocketImpl.java:409)
	at java.net.PlainSocketImpl.accept(PlainSocketImpl.java:199)
	at java.net.ServerSocket.implAccept(ServerSocket.java:545)
	at java.net.ServerSocket.accept(ServerSocket.java:513)
	at org.dxl.server.Server.receive(Server.java:65)
	at org.dxl.server.Server.start(Server.java:51)
	at org.dxl.opt.WindowMain$2$1.lambda$run$0(WindowMain.java:171)
	at java.lang.Thread.run(Thread.java:748)
INFO 2020-08-31 23:04:31 org.dxl.server.Server - 关闭服务器结束。。。。。。。。。
INFO 2020-08-31 23:09:52 org.dxl.App - 启动器正在启动。。。。。。
INFO 2020-08-31 23:09:52 org.dxl.App - 启动器启动成功。。。。。。
INFO 2020-08-31 23:09:52 org.dxl.opt.WindowMain - 启动心跳检测开始。。。。。。
INFO 2020-08-31 23:09:52 org.dxl.opt.WindowMain - 启动心跳检测成功。。。。。。
INFO 2020-08-31 23:10:01 org.dxl.server.Server - 启动服务器开始。。。。。。。。。
INFO 2020-08-31 23:10:01 org.dxl.server.Server - 启动服务器成功。。。。。。。。。
INFO 2020-08-31 23:10:05 org.dxl.server.Server - 关闭服务器开始。。。。。。。。。
ERROR 2020-08-31 23:10:05 org.dxl.server.Server - 接收来自客户端Socket出错。。。。。。。。。
ERROR 2020-08-31 23:10:05 org.dxl.server.Server - socket closed
java.net.SocketException: socket closed
	at java.net.DualStackPlainSocketImpl.accept0(Native Method)
	at java.net.DualStackPlainSocketImpl.socketAccept(DualStackPlainSocketImpl.java:131)
	at java.net.AbstractPlainSocketImpl.accept(AbstractPlainSocketImpl.java:409)
	at java.net.PlainSocketImpl.accept(PlainSocketImpl.java:199)
	at java.net.ServerSocket.implAccept(ServerSocket.java:545)
	at java.net.ServerSocket.accept(ServerSocket.java:513)
	at org.dxl.server.Server.receive(Server.java:64)
	at org.dxl.server.Server.start(Server.java:50)
	at org.dxl.opt.WindowMain$2$1.lambda$run$0(WindowMain.java:171)
	at java.lang.Thread.run(Thread.java:748)
INFO 2020-08-31 23:10:05 org.dxl.server.Server - 关闭服务器结束。。。。。。。。。
INFO 2020-08-31 23:10:21 org.dxl.App - 启动器正在启动。。。。。。
INFO 2020-08-31 23:10:21 org.dxl.App - 启动器启动成功。。。。。。
INFO 2020-08-31 23:10:22 org.dxl.opt.WindowMain - 启动心跳检测开始。。。。。。
INFO 2020-08-31 23:10:22 org.dxl.opt.WindowMain - 启动心跳检测成功。。。。。。
INFO 2020-08-31 23:10:26 org.dxl.server.Server - 启动服务器开始。。。。。。。。。
INFO 2020-08-31 23:10:26 org.dxl.server.Server - 启动服务器成功。。。。。。。。。
INFO 2020-08-31 23:10:34 org.dxl.server.Server - 关闭服务器开始。。。。。。。。。
ERROR 2020-08-31 23:10:34 org.dxl.server.Server - 接收来自客户端Socket出错。。。。。。。。。
ERROR 2020-08-31 23:10:34 org.dxl.server.Server - socket closed
java.net.SocketException: socket closed
	at java.net.DualStackPlainSocketImpl.accept0(Native Method)
	at java.net.DualStackPlainSocketImpl.socketAccept(DualStackPlainSocketImpl.java:131)
	at java.net.AbstractPlainSocketImpl.accept(AbstractPlainSocketImpl.java:409)
	at java.net.PlainSocketImpl.accept(PlainSocketImpl.java:199)
	at java.net.ServerSocket.implAccept(ServerSocket.java:545)
	at java.net.ServerSocket.accept(ServerSocket.java:513)
	at org.dxl.server.Server.receive(Server.java:64)
	at org.dxl.server.Server.start(Server.java:50)
	at org.dxl.opt.WindowMain$2$1.lambda$run$0(WindowMain.java:171)
	at java.lang.Thread.run(Thread.java:748)
INFO 2020-08-31 23:10:34 org.dxl.server.Server - 关闭服务器结束。。。。。。。。。
INFO 2020-08-31 23:10:50 org.dxl.App - 启动器正在启动。。。。。。
INFO 2020-08-31 23:10:50 org.dxl.App - 启动器启动成功。。。。。。
INFO 2020-08-31 23:10:51 org.dxl.opt.WindowMain - 启动心跳检测开始。。。。。。
INFO 2020-08-31 23:10:51 org.dxl.opt.WindowMain - 启动心跳检测成功。。。。。。
INFO 2020-08-31 23:17:20 org.dxl.server.Server - 启动服务器开始。。。。。。。。。
INFO 2020-08-31 23:17:20 org.dxl.server.Server - 启动服务器成功。。。。。。。。。
INFO 2020-08-31 23:17:30 org.dxl.server.Server - 关闭服务器开始。。。。。。。。。
ERROR 2020-08-31 23:17:30 org.dxl.server.Server - 接收来自客户端Socket出错。。。。。。。。。
ERROR 2020-08-31 23:17:30 org.dxl.server.Server - socket closed
java.net.SocketException: socket closed
	at java.net.DualStackPlainSocketImpl.accept0(Native Method)
	at java.net.DualStackPlainSocketImpl.socketAccept(DualStackPlainSocketImpl.java:131)
	at java.net.AbstractPlainSocketImpl.accept(AbstractPlainSocketImpl.java:409)
	at java.net.PlainSocketImpl.accept(PlainSocketImpl.java:199)
	at java.net.ServerSocket.implAccept(ServerSocket.java:545)
	at java.net.ServerSocket.accept(ServerSocket.java:513)
	at org.dxl.server.Server.receive(Server.java:64)
	at org.dxl.server.Server.start(Server.java:50)
	at org.dxl.opt.WindowMain$2$1.lambda$run$0(WindowMain.java:171)
	at java.lang.Thread.run(Thread.java:748)
INFO 2020-08-31 23:17:30 org.dxl.server.Server - 关闭服务器结束。。。。。。。。。
INFO 2020-08-31 23:17:43 org.dxl.App - 启动器正在启动。。。。。。
INFO 2020-08-31 23:17:43 org.dxl.App - 启动器启动成功。。。。。。
INFO 2020-08-31 23:17:43 org.dxl.opt.WindowMain - 启动心跳检测开始。。。。。。
INFO 2020-08-31 23:17:43 org.dxl.opt.WindowMain - 启动心跳检测成功。。。。。。
INFO 2020-08-31 23:17:46 org.dxl.server.Server - 启动服务器开始。。。。。。。。。
INFO 2020-08-31 23:17:46 org.dxl.server.Server - 启动服务器成功。。。。。。。。。
INFO 2020-08-31 23:17:56 org.dxl.server.Server - 关闭服务器开始。。。。。。。。。
ERROR 2020-08-31 23:19:10 org.dxl.server.Server - 接收来自客户端Socket出错。。。。。。。。。
ERROR 2020-08-31 23:19:10 org.dxl.server.Server - socket closed
java.net.SocketException: socket closed
	at java.net.DualStackPlainSocketImpl.accept0(Native Method)
	at java.net.DualStackPlainSocketImpl.socketAccept(DualStackPlainSocketImpl.java:131)
	at java.net.AbstractPlainSocketImpl.accept(AbstractPlainSocketImpl.java:409)
	at java.net.PlainSocketImpl.accept(PlainSocketImpl.java:199)
	at java.net.ServerSocket.implAccept(ServerSocket.java:545)
	at java.net.ServerSocket.accept(ServerSocket.java:513)
	at org.dxl.server.Server.receive(Server.java:64)
	at org.dxl.server.Server.start(Server.java:50)
	at org.dxl.opt.WindowMain$2$1.lambda$run$0(WindowMain.java:171)
	at java.lang.Thread.run(Thread.java:748)
INFO 2020-08-31 23:19:15 org.dxl.server.Server - 关闭服务器结束。。。。。。。。。
INFO 2020-08-31 23:19:52 org.dxl.App - 启动器正在启动。。。。。。
INFO 2020-08-31 23:19:52 org.dxl.App - 启动器启动成功。。。。。。
INFO 2020-08-31 23:19:53 org.dxl.opt.WindowMain - 启动心跳检测开始。。。。。。
INFO 2020-08-31 23:19:53 org.dxl.opt.WindowMain - 启动心跳检测成功。。。。。。
INFO 2020-08-31 23:20:02 org.dxl.App - 启动器正在启动。。。。。。
INFO 2020-08-31 23:20:02 org.dxl.App - 启动器启动成功。。。。。。
INFO 2020-08-31 23:20:02 org.dxl.opt.WindowMain - 启动心跳检测开始。。。。。。
INFO 2020-08-31 23:20:02 org.dxl.opt.WindowMain - 启动心跳检测成功。。。。。。
INFO 2020-08-31 23:20:15 org.dxl.server.Server - 启动服务器开始。。。。。。。。。
INFO 2020-08-31 23:20:22 org.dxl.server.Server - 启动服务器成功。。。。。。。。。
INFO 2020-08-31 23:20:30 org.dxl.server.Server - 关闭服务器开始。。。。。。。。。
ERROR 2020-08-31 23:20:36 org.dxl.server.Server - 接收来自客户端Socket出错。。。。。。。。。
ERROR 2020-08-31 23:20:37 org.dxl.server.Server - socket closed
java.net.SocketException: socket closed
	at java.net.DualStackPlainSocketImpl.accept0(Native Method)
	at java.net.DualStackPlainSocketImpl.socketAccept(DualStackPlainSocketImpl.java:131)
	at java.net.AbstractPlainSocketImpl.accept(AbstractPlainSocketImpl.java:409)
	at java.net.PlainSocketImpl.accept(PlainSocketImpl.java:199)
	at java.net.ServerSocket.implAccept(ServerSocket.java:545)
	at java.net.ServerSocket.accept(ServerSocket.java:513)
	at org.dxl.server.Server.receive(Server.java:64)
	at org.dxl.server.Server.start(Server.java:50)
	at org.dxl.opt.WindowMain$2$1.lambda$run$0(WindowMain.java:171)
	at java.lang.Thread.run(Thread.java:748)
INFO 2020-08-31 23:20:43 org.dxl.server.Server - 关闭服务器结束。。。。。。。。。
INFO 2020-08-31 23:21:57 org.dxl.server.Server - 启动服务器开始。。。。。。。。。
INFO 2020-08-31 23:22:26 org.dxl.server.Server - 启动服务器成功。。。。。。。。。
INFO 2020-08-31 23:22:35 org.dxl.server.Server - 启动服务器开始。。。。。。。。。
ERROR 2020-08-31 23:22:35 org.dxl.server.Server - 启动服务器出错。。。。。。。。。
ERROR 2020-08-31 23:22:35 org.dxl.server.Server - Address already in use: JVM_Bind
java.net.BindException: Address already in use: JVM_Bind
	at java.net.DualStackPlainSocketImpl.bind0(Native Method)
	at java.net.DualStackPlainSocketImpl.socketBind(DualStackPlainSocketImpl.java:106)
	at java.net.AbstractPlainSocketImpl.bind(AbstractPlainSocketImpl.java:387)
	at java.net.PlainSocketImpl.bind(PlainSocketImpl.java:190)
	at java.net.ServerSocket.bind(ServerSocket.java:375)
	at java.net.ServerSocket.<init>(ServerSocket.java:237)
	at java.net.ServerSocket.<init>(ServerSocket.java:128)
	at org.dxl.server.Server.start(Server.java:45)
	at org.dxl.opt.WindowMain$2$1.lambda$run$0(WindowMain.java:171)
	at java.lang.Thread.run(Thread.java:748)
ERROR 2020-08-31 23:22:42 org.dxl.server.Server - 接收来自客户端Socket出错。。。。。。。。。
ERROR 2020-08-31 23:22:42 org.dxl.server.Server - socket closed
java.net.SocketException: socket closed
	at java.net.DualStackPlainSocketImpl.accept0(Native Method)
	at java.net.DualStackPlainSocketImpl.socketAccept(DualStackPlainSocketImpl.java:131)
	at java.net.AbstractPlainSocketImpl.accept(AbstractPlainSocketImpl.java:409)
	at java.net.PlainSocketImpl.accept(PlainSocketImpl.java:199)
	at java.net.ServerSocket.implAccept(ServerSocket.java:545)
	at java.net.ServerSocket.accept(ServerSocket.java:513)
	at org.dxl.server.Server.receive(Server.java:64)
	at org.dxl.server.Server.start(Server.java:50)
	at org.dxl.opt.WindowMain$2$1.lambda$run$0(WindowMain.java:171)
	at java.lang.Thread.run(Thread.java:748)
INFO 2020-08-31 23:22:44 org.dxl.server.Server - 关闭服务器结束。。。。。。。。。
INFO 2020-08-31 23:23:41 org.dxl.App - 启动器正在启动。。。。。。
INFO 2020-08-31 23:23:41 org.dxl.App - 启动器启动成功。。。。。。
INFO 2020-08-31 23:23:42 org.dxl.opt.WindowMain - 启动心跳检测开始。。。。。。
INFO 2020-08-31 23:23:42 org.dxl.opt.WindowMain - 启动心跳检测成功。。。。。。
INFO 2020-08-31 23:23:52 org.dxl.server.Server - 启动服务器开始。。。。。。。。。
INFO 2020-08-31 23:23:56 org.dxl.server.Server - 启动服务器成功。。。。。。。。。
INFO 2020-08-31 23:24:04 org.dxl.server.Server - 关闭服务器开始。。。。。。。。。
ERROR 2020-08-31 23:24:37 org.dxl.server.Server - 接收来自客户端Socket出错。。。。。。。。。
ERROR 2020-08-31 23:24:39 org.dxl.server.Server - socket closed
java.net.SocketException: socket closed
	at java.net.DualStackPlainSocketImpl.accept0(Native Method)
	at java.net.DualStackPlainSocketImpl.socketAccept(DualStackPlainSocketImpl.java:131)
	at java.net.AbstractPlainSocketImpl.accept(AbstractPlainSocketImpl.java:409)
	at java.net.PlainSocketImpl.accept(PlainSocketImpl.java:199)
	at java.net.ServerSocket.implAccept(ServerSocket.java:545)
	at java.net.ServerSocket.accept(ServerSocket.java:513)
	at org.dxl.server.Server.receive(Server.java:64)
	at org.dxl.server.Server.start(Server.java:50)
	at org.dxl.opt.WindowMain$2$1.lambda$run$0(WindowMain.java:171)
	at java.lang.Thread.run(Thread.java:748)
INFO 2020-08-31 23:24:41 org.dxl.server.Server - 关闭服务器结束。。。。。。。。。
INFO 2020-08-31 23:25:15 org.dxl.server.Server - 启动服务器开始。。。。。。。。。
INFO 2020-08-31 23:27:51 org.dxl.server.Server - 启动服务器成功。。。。。。。。。
INFO 2020-08-31 23:27:55 org.dxl.App - 启动器正在启动。。。。。。
INFO 2020-08-31 23:27:55 org.dxl.App - 启动器启动成功。。。。。。
INFO 2020-08-31 23:27:56 org.dxl.opt.WindowMain - 启动心跳检测开始。。。。。。
INFO 2020-08-31 23:27:56 org.dxl.opt.WindowMain - 启动心跳检测成功。。。。。。
INFO 2020-08-31 23:28:01 org.dxl.server.Server - 启动服务器开始。。。。。。。。。
INFO 2020-08-31 23:28:01 org.dxl.server.Server - 启动服务器成功。。。。。。。。。
INFO 2020-08-31 23:28:10 org.dxl.server.Server - 关闭服务器开始。。。。。。。。。
ERROR 2020-08-31 23:28:11 org.dxl.server.Server - 接收来自客户端Socket出错。。。。。。。。。
ERROR 2020-08-31 23:28:11 org.dxl.server.Server - socket closed
java.net.SocketException: socket closed
	at java.net.DualStackPlainSocketImpl.accept0(Native Method)
	at java.net.DualStackPlainSocketImpl.socketAccept(DualStackPlainSocketImpl.java:131)
	at java.net.AbstractPlainSocketImpl.accept(AbstractPlainSocketImpl.java:409)
	at java.net.PlainSocketImpl.accept(PlainSocketImpl.java:199)
	at java.net.ServerSocket.implAccept(ServerSocket.java:545)
	at java.net.ServerSocket.accept(ServerSocket.java:513)
	at org.dxl.server.Server.receive(Server.java:68)
	at org.dxl.server.Server.start(Server.java:54)
	at org.dxl.opt.WindowMain$2$1.lambda$run$0(WindowMain.java:173)
	at java.lang.Thread.run(Thread.java:748)
INFO 2020-08-31 23:28:11 org.dxl.server.Server - 关闭服务器结束。。。。。。。。。
INFO 2020-08-31 23:28:20 org.dxl.server.Server - 启动服务器开始。。。。。。。。。
INFO 2020-08-31 23:28:20 org.dxl.server.Server - 启动服务器成功。。。。。。。。。
INFO 2020-08-31 23:28:32 org.dxl.server.Server - 关闭服务器开始。。。。。。。。。
ERROR 2020-08-31 23:28:32 org.dxl.server.Server - 接收来自客户端Socket出错。。。。。。。。。
ERROR 2020-08-31 23:28:32 org.dxl.server.Server - socket closed
java.net.SocketException: socket closed
	at java.net.DualStackPlainSocketImpl.accept0(Native Method)
	at java.net.DualStackPlainSocketImpl.socketAccept(DualStackPlainSocketImpl.java:131)
	at java.net.AbstractPlainSocketImpl.accept(AbstractPlainSocketImpl.java:409)
	at java.net.PlainSocketImpl.accept(PlainSocketImpl.java:199)
	at java.net.ServerSocket.implAccept(ServerSocket.java:545)
	at java.net.ServerSocket.accept(ServerSocket.java:513)
	at org.dxl.server.Server.receive(Server.java:68)
	at org.dxl.server.Server.start(Server.java:54)
	at org.dxl.opt.WindowMain$2$1.lambda$run$0(WindowMain.java:173)
	at java.lang.Thread.run(Thread.java:748)
INFO 2020-08-31 23:28:32 org.dxl.server.Server - 关闭服务器结束。。。。。。。。。
INFO 2020-08-31 23:29:01 org.dxl.server.Server - 启动服务器开始。。。。。。。。。
INFO 2020-08-31 23:29:01 org.dxl.server.Server - 启动服务器成功。。。。。。。。。
INFO 2020-08-31 23:29:12 org.dxl.server.Request - 接收到客户端发送信息：
POST /log HTTP/1.1
Host: localhost:8888
Connection: keep-alive
Content-Length: 19
Cache-Control: max-age=0
Upgrade-Insecure-Requests: 1
Origin: null
Content-Type: application/x-www-form-urlencoded
User-Agent: Mozilla/5.0 (Windows NT 10.0; WOW64) AppleWebKit/537.36 (KHTML, like Gecko) Chrome/78.0.3904.108 Safari/537.36
Sec-Fetch-User: ?1
Accept: text/html,application/xhtml+xml,application/xml;q=0.9,image/webp,image/apng,*/*;q=0.8,application/signed-exchange;v=b3
Sec-Fetch-Site: cross-site
Sec-Fetch-Mode: navigate
Accept-Encoding: gzip, deflate, br
Accept-Language: zh-CN,zh;q=0.9
Cookie: __guid=111872281.4402700786871365000.1594460638190.3618; monitor_count=24

username=12123&pwd=
INFO 2020-08-31 23:29:12 org.dxl.server.Request - 开始解析请求参数。。。。
INFO 2020-08-31 23:29:12 org.dxl.server.Request - 结束解析请求参数。。。。
INFO 2020-08-31 23:29:14 org.dxl.server.Response - 开始创建响应头信息。。。。
INFO 2020-08-31 23:29:14 org.dxl.server.Response - 响应头信息：
HTTP/1.1 200 OK
Content-Type:text/html;charset=utf-8
Content-Length:58


INFO 2020-08-31 23:29:14 org.dxl.server.Response - 结束创建响应头信息。。。。
INFO 2020-08-31 23:29:14 org.dxl.server.Request - 接收到客户端发送信息：
GET /favicon.ico HTTP/1.1
Host: localhost:8888
Connection: keep-alive
User-Agent: Mozilla/5.0 (Windows NT 10.0; WOW64) AppleWebKit/537.36 (KHTML, like Gecko) Chrome/78.0.3904.108 Safari/537.36
Accept: image/webp,image/apng,image/*,*/*;q=0.8
Sec-Fetch-Site: same-origin
Sec-Fetch-Mode: no-cors
Referer: http://localhost:8888/log
Accept-Encoding: gzip, deflate, br
Accept-Language: zh-CN,zh;q=0.9
Cookie: __guid=111872281.4402700786871365000.1594460638190.3618; monitor_count=25


INFO 2020-08-31 23:29:14 org.dxl.server.Request - 开始解析请求参数。。。。
INFO 2020-08-31 23:29:14 org.dxl.server.Request - 结束解析请求参数。。。。
INFO 2020-08-31 23:29:15 org.dxl.server.Response - 开始创建响应头信息。。。。
INFO 2020-08-31 23:29:15 org.dxl.server.Response - 响应头信息：
HTTP/1.1 200 OK
Content-Type:text/html;charset=utf-8
Content-Length:0


INFO 2020-08-31 23:29:15 org.dxl.server.Response - 结束创建响应头信息。。。。
INFO 2020-08-31 23:29:27 org.dxl.server.Server - 关闭服务器开始。。。。。。。。。
ERROR 2020-08-31 23:29:28 org.dxl.server.Server - 接收来自客户端Socket出错。。。。。。。。。
ERROR 2020-08-31 23:29:28 org.dxl.server.Server - socket closed
java.net.SocketException: socket closed
	at java.net.DualStackPlainSocketImpl.accept0(Native Method)
	at java.net.DualStackPlainSocketImpl.socketAccept(DualStackPlainSocketImpl.java:131)
	at java.net.AbstractPlainSocketImpl.accept(AbstractPlainSocketImpl.java:409)
	at java.net.PlainSocketImpl.accept(PlainSocketImpl.java:199)
	at java.net.ServerSocket.implAccept(ServerSocket.java:545)
	at java.net.ServerSocket.accept(ServerSocket.java:513)
	at org.dxl.server.Server.receive(Server.java:68)
	at org.dxl.server.Server.start(Server.java:54)
	at org.dxl.opt.WindowMain$2$1.lambda$run$0(WindowMain.java:173)
	at java.lang.Thread.run(Thread.java:748)
INFO 2020-08-31 23:29:28 org.dxl.server.Server - 关闭服务器结束。。。。。。。。。
INFO 2020-08-31 23:30:08 org.dxl.server.Server - 启动服务器开始。。。。。。。。。
INFO 2020-08-31 23:30:08 org.dxl.server.Server - 启动服务器成功。。。。。。。。。
INFO 2020-08-31 23:30:17 org.dxl.server.Server - 关闭服务器开始。。。。。。。。。
ERROR 2020-08-31 23:30:20 org.dxl.server.Server - 接收来自客户端Socket出错。。。。。。。。。
ERROR 2020-08-31 23:30:20 org.dxl.server.Server - socket closed
java.net.SocketException: socket closed
	at java.net.DualStackPlainSocketImpl.accept0(Native Method)
	at java.net.DualStackPlainSocketImpl.socketAccept(DualStackPlainSocketImpl.java:131)
	at java.net.AbstractPlainSocketImpl.accept(AbstractPlainSocketImpl.java:409)
	at java.net.PlainSocketImpl.accept(PlainSocketImpl.java:199)
	at java.net.ServerSocket.implAccept(ServerSocket.java:545)
	at java.net.ServerSocket.accept(ServerSocket.java:513)
	at org.dxl.server.Server.receive(Server.java:68)
	at org.dxl.server.Server.start(Server.java:54)
	at org.dxl.opt.WindowMain$2$1.lambda$run$0(WindowMain.java:173)
	at java.lang.Thread.run(Thread.java:748)
INFO 2020-08-31 23:30:20 org.dxl.server.Server - 关闭服务器结束。。。。。。。。。
INFO 2020-08-31 23:30:24 org.dxl.server.Server - 启动服务器开始。。。。。。。。。
INFO 2020-08-31 23:30:24 org.dxl.server.Server - 启动服务器成功。。。。。。。。。
INFO 2020-08-31 23:30:24 org.dxl.server.Server - 关闭服务器开始。。。。。。。。。
ERROR 2020-08-31 23:30:24 org.dxl.server.Server - 接收来自客户端Socket出错。。。。。。。。。
ERROR 2020-08-31 23:30:24 org.dxl.server.Server - socket closed
java.net.SocketException: socket closed
	at java.net.DualStackPlainSocketImpl.accept0(Native Method)
	at java.net.DualStackPlainSocketImpl.socketAccept(DualStackPlainSocketImpl.java:131)
	at java.net.AbstractPlainSocketImpl.accept(AbstractPlainSocketImpl.java:409)
	at java.net.PlainSocketImpl.accept(PlainSocketImpl.java:199)
	at java.net.ServerSocket.implAccept(ServerSocket.java:545)
	at java.net.ServerSocket.accept(ServerSocket.java:513)
	at org.dxl.server.Server.receive(Server.java:68)
	at org.dxl.server.Server.start(Server.java:54)
	at org.dxl.opt.WindowMain$2$1.lambda$run$0(WindowMain.java:173)
	at java.lang.Thread.run(Thread.java:748)
INFO 2020-08-31 23:30:24 org.dxl.server.Server - 关闭服务器结束。。。。。。。。。
INFO 2020-08-31 23:30:29 org.dxl.server.Server - 启动服务器开始。。。。。。。。。
INFO 2020-08-31 23:30:29 org.dxl.server.Server - 启动服务器成功。。。。。。。。。
INFO 2020-08-31 23:30:35 org.dxl.server.Request - 接收到客户端发送信息：
POST /log HTTP/1.1
Host: localhost:8888
Connection: keep-alive
Content-Length: 19
Cache-Control: max-age=0
Upgrade-Insecure-Requests: 1
Origin: null
Content-Type: application/x-www-form-urlencoded
User-Agent: Mozilla/5.0 (Windows NT 10.0; WOW64) AppleWebKit/537.36 (KHTML, like Gecko) Chrome/78.0.3904.108 Safari/537.36
Sec-Fetch-User: ?1
Accept: text/html,application/xhtml+xml,application/xml;q=0.9,image/webp,image/apng,*/*;q=0.8,application/signed-exchange;v=b3
Sec-Fetch-Site: cross-site
Sec-Fetch-Mode: navigate
Accept-Encoding: gzip, deflate, br
Accept-Language: zh-CN,zh;q=0.9
Cookie: __guid=111872281.4402700786871365000.1594460638190.3618; monitor_count=25

username=12123&pwd=
INFO 2020-08-31 23:30:35 org.dxl.server.Request - 开始解析请求参数。。。。
INFO 2020-08-31 23:30:35 org.dxl.server.Request - 结束解析请求参数。。。。
INFO 2020-08-31 23:30:35 org.dxl.server.Response - 开始创建响应头信息。。。。
INFO 2020-08-31 23:30:35 org.dxl.server.Response - 响应头信息：
HTTP/1.1 200 OK
Content-Type:text/html;charset=utf-8
Content-Length:58


INFO 2020-08-31 23:30:35 org.dxl.server.Response - 结束创建响应头信息。。。。
INFO 2020-08-31 23:30:35 org.dxl.server.Request - 接收到客户端发送信息：
GET /favicon.ico HTTP/1.1
Host: localhost:8888
Connection: keep-alive
User-Agent: Mozilla/5.0 (Windows NT 10.0; WOW64) AppleWebKit/537.36 (KHTML, like Gecko) Chrome/78.0.3904.108 Safari/537.36
Accept: image/webp,image/apng,image/*,*/*;q=0.8
Sec-Fetch-Site: same-origin
Sec-Fetch-Mode: no-cors
Referer: http://localhost:8888/log
Accept-Encoding: gzip, deflate, br
Accept-Language: zh-CN,zh;q=0.9
Cookie: __guid=111872281.4402700786871365000.1594460638190.3618; monitor_count=26


INFO 2020-08-31 23:30:35 org.dxl.server.Request - 开始解析请求参数。。。。
INFO 2020-08-31 23:30:35 org.dxl.server.Request - 结束解析请求参数。。。。
INFO 2020-08-31 23:30:35 org.dxl.server.Response - 开始创建响应头信息。。。。
INFO 2020-08-31 23:30:35 org.dxl.server.Response - 响应头信息：
HTTP/1.1 200 OK
Content-Type:text/html;charset=utf-8
Content-Length:0


INFO 2020-08-31 23:30:35 org.dxl.server.Response - 结束创建响应头信息。。。。
INFO 2020-08-31 23:30:38 org.dxl.server.Request - 接收到客户端发送信息：
POST /log HTTP/1.1
Host: localhost:8888
Connection: keep-alive
Content-Length: 19
Cache-Control: max-age=0
Upgrade-Insecure-Requests: 1
Origin: null
Content-Type: application/x-www-form-urlencoded
User-Agent: Mozilla/5.0 (Windows NT 10.0; WOW64) AppleWebKit/537.36 (KHTML, like Gecko) Chrome/78.0.3904.108 Safari/537.36
Sec-Fetch-User: ?1
Accept: text/html,application/xhtml+xml,application/xml;q=0.9,image/webp,image/apng,*/*;q=0.8,application/signed-exchange;v=b3
Sec-Fetch-Site: cross-site
Sec-Fetch-Mode: navigate
Accept-Encoding: gzip, deflate, br
Accept-Language: zh-CN,zh;q=0.9
Cookie: __guid=111872281.4402700786871365000.1594460638190.3618; monitor_count=26

username=12123&pwd=
INFO 2020-08-31 23:30:38 org.dxl.server.Request - 开始解析请求参数。。。。
INFO 2020-08-31 23:30:38 org.dxl.server.Request - 结束解析请求参数。。。。
INFO 2020-08-31 23:30:38 org.dxl.server.Response - 开始创建响应头信息。。。。
INFO 2020-08-31 23:30:38 org.dxl.server.Response - 响应头信息：
HTTP/1.1 200 OK
Content-Type:text/html;charset=utf-8
Content-Length:58


INFO 2020-08-31 23:30:38 org.dxl.server.Response - 结束创建响应头信息。。。。
INFO 2020-08-31 23:30:38 org.dxl.server.Request - 接收到客户端发送信息：
GET /favicon.ico HTTP/1.1
Host: localhost:8888
Connection: keep-alive
User-Agent: Mozilla/5.0 (Windows NT 10.0; WOW64) AppleWebKit/537.36 (KHTML, like Gecko) Chrome/78.0.3904.108 Safari/537.36
Accept: image/webp,image/apng,image/*,*/*;q=0.8
Sec-Fetch-Site: same-origin
Sec-Fetch-Mode: no-cors
Referer: http://localhost:8888/log
Accept-Encoding: gzip, deflate, br
Accept-Language: zh-CN,zh;q=0.9
Cookie: __guid=111872281.4402700786871365000.1594460638190.3618; monitor_count=27


INFO 2020-08-31 23:30:38 org.dxl.server.Request - 开始解析请求参数。。。。
INFO 2020-08-31 23:30:38 org.dxl.server.Request - 结束解析请求参数。。。。
INFO 2020-08-31 23:30:38 org.dxl.server.Response - 开始创建响应头信息。。。。
INFO 2020-08-31 23:30:38 org.dxl.server.Response - 响应头信息：
HTTP/1.1 200 OK
Content-Type:text/html;charset=utf-8
Content-Length:0


INFO 2020-08-31 23:30:38 org.dxl.server.Response - 结束创建响应头信息。。。。
INFO 2020-08-31 23:36:50 org.dxl.App - 启动器正在启动。。。。。。
INFO 2020-08-31 23:36:50 org.dxl.App - 启动器启动成功。。。。。。
INFO 2020-08-31 23:36:51 org.dxl.opt.WindowMain - 启动心跳检测开始。。。。。。
INFO 2020-08-31 23:36:51 org.dxl.opt.WindowMain - 启动心跳检测成功。。。。。。
